<?xml version="1.0" encoding="UTF-8"?>
<!-- Generated by org.testng.reporters.JUnitXMLReporter -->
<testsuite hostname="owner-HP-EliteBook-Folio-9470m" ignored="0" name="CheckboxRandomIteration" tests="1" failures="1" timestamp="2020-09-14T12:42:54 EEST" time="0.408" errors="0">
  <testcase name="randomManufacturer" time="0.042" classname="test.java.rozetka.Manufacturer_random_check_example">
    <failure type="org.testng.internal.reflect.MethodMatcherException" message="
[public void test.java.rozetka.Manufacturer_random_check_example.randomManufacturer()] has no parameters defined but was found to be using a data provider (either explicitly specified or inherited from class level annotation).
Data provider mismatch
Method: randomManufacturer([])
Arguments: [(java.lang.String) Acer]">
      <![CDATA[org.testng.internal.reflect.MethodMatcherException: 
[public void test.java.rozetka.Manufacturer_random_check_example.randomManufacturer()] has no parameters defined but was found to be using a data provider (either explicitly specified or inherited from class level annotation).
Data provider mismatch
Method: randomManufacturer([])
Arguments: [(java.lang.String) Acer]
at java.util.ArrayList.forEach(ArrayList.java:1257)
... Removed 26 stack frames]]>
    </failure>
  </testcase> <!-- randomManufacturer -->
</testsuite> <!-- CheckboxRandomIteration -->
